<?xml version="1.0" encoding="UTF-8"?>
<testsuite xmlns:xsi="http://www.w3.org/2001/XMLSchema-instance" xsi:noNamespaceSchemaLocation="https://maven.apache.org/surefire/maven-surefire-plugin/xsd/surefire-test-report.xsd" name="za.ac.nwu.acnew.logic.flow.impl.FetchAccountTypeFlowImplTest" time="0.074" tests="1" errors="0" skipped="0" failures="0">
  <properties>
    <property name="sun.desktop" value="windows"/>
    <property name="awt.toolkit" value="sun.awt.windows.WToolkit"/>
    <property name="file.encoding.pkg" value="sun.io"/>
    <property name="java.specification.version" value="1.8"/>
    <property name="sun.cpu.isalist" value="amd64"/>
    <property name="sun.jnu.encoding" value="Cp1252"/>
    <property name="java.class.path" value="C:\Users\brend\Downloads\UniversityFinalSem2\CMPG 323\Project1New\AccountSystemNewGitRepo\AccountSystemNew\AccountSystemNewLogic\target\test-classes;C:\Users\brend\Downloads\UniversityFinalSem2\CMPG 323\Project1New\AccountSystemNewGitRepo\AccountSystemNew\AccountSystemNewLogic\target\classes;C:\Users\brend\Downloads\UniversityFinalSem2\CMPG 323\Project1New\AccountSystemNewGitRepo\AccountSystemNew\AccountSystemNewDomain\target\AccountSystemNewDomain-1.0-SNAPSHOT.jar;C:\Users\brend\Downloads\UniversityFinalSem2\CMPG 323\Project1New\ACNewRepo\io\swagger\swagger-annotations\1.5.20\swagger-annotations-1.5.20.jar;C:\Users\brend\Downloads\UniversityFinalSem2\CMPG 323\Project1New\ACNewRepo\com\fasterxml\jackson\core\jackson-annotations\2.9.0\jackson-annotations-2.9.0.jar;C:\Users\brend\Downloads\UniversityFinalSem2\CMPG 323\Project1New\AccountSystemNewGitRepo\AccountSystemNew\AccountSystemNewTranslator\target\AccountSystemNewTranslator-1.0-SNAPSHOT.jar;C:\Users\brend\Downloads\UniversityFinalSem2\CMPG 323\Project1New\AccountSystemNewGitRepo\AccountSystemNew\AccountSystemNewRepository\target\AccountSystemNewRepository-1.0-SNAPSHOT.jar;C:\Users\brend\Downloads\UniversityFinalSem2\CMPG 323\Project1New\ACNewRepo\org\springframework\boot\spring-boot-starter\2.1.6.RELEASE\spring-boot-starter-2.1.6.RELEASE.jar;C:\Users\brend\Downloads\UniversityFinalSem2\CMPG 323\Project1New\ACNewRepo\org\springframework\boot\spring-boot\2.1.6.RELEASE\spring-boot-2.1.6.RELEASE.jar;C:\Users\brend\Downloads\UniversityFinalSem2\CMPG 323\Project1New\ACNewRepo\org\springframework\boot\spring-boot-autoconfigure\2.1.6.RELEASE\spring-boot-autoconfigure-2.1.6.RELEASE.jar;C:\Users\brend\Downloads\UniversityFinalSem2\CMPG 323\Project1New\ACNewRepo\org\springframework\boot\spring-boot-starter-logging\2.1.6.RELEASE\spring-boot-starter-logging-2.1.6.RELEASE.jar;C:\Users\brend\Downloads\UniversityFinalSem2\CMPG 323\Project1New\ACNewRepo\ch\qos\logback\logback-classic\1.2.3\logback-classic-1.2.3.jar;C:\Users\brend\Downloads\UniversityFinalSem2\CMPG 323\Project1New\ACNewRepo\ch\qos\logback\logback-core\1.2.3\logback-core-1.2.3.jar;C:\Users\brend\Downloads\UniversityFinalSem2\CMPG 323\Project1New\ACNewRepo\org\apache\logging\log4j\log4j-to-slf4j\2.11.2\log4j-to-slf4j-2.11.2.jar;C:\Users\brend\Downloads\UniversityFinalSem2\CMPG 323\Project1New\ACNewRepo\org\apache\logging\log4j\log4j-api\2.11.2\log4j-api-2.11.2.jar;C:\Users\brend\Downloads\UniversityFinalSem2\CMPG 323\Project1New\ACNewRepo\org\slf4j\jul-to-slf4j\1.7.26\jul-to-slf4j-1.7.26.jar;C:\Users\brend\Downloads\UniversityFinalSem2\CMPG 323\Project1New\ACNewRepo\javax\annotation\javax.annotation-api\1.3.2\javax.annotation-api-1.3.2.jar;C:\Users\brend\Downloads\UniversityFinalSem2\CMPG 323\Project1New\ACNewRepo\org\yaml\snakeyaml\1.23\snakeyaml-1.23.jar;C:\Users\brend\Downloads\UniversityFinalSem2\CMPG 323\Project1New\ACNewRepo\org\springframework\boot\spring-boot-starter-data-jpa\2.1.6.RELEASE\spring-boot-starter-data-jpa-2.1.6.RELEASE.jar;C:\Users\brend\Downloads\UniversityFinalSem2\CMPG 323\Project1New\ACNewRepo\org\springframework\boot\spring-boot-starter-aop\2.1.6.RELEASE\spring-boot-starter-aop-2.1.6.RELEASE.jar;C:\Users\brend\Downloads\UniversityFinalSem2\CMPG 323\Project1New\ACNewRepo\org\aspectj\aspectjweaver\1.9.4\aspectjweaver-1.9.4.jar;C:\Users\brend\Downloads\UniversityFinalSem2\CMPG 323\Project1New\ACNewRepo\org\springframework\boot\spring-boot-starter-jdbc\2.1.6.RELEASE\spring-boot-starter-jdbc-2.1.6.RELEASE.jar;C:\Users\brend\Downloads\UniversityFinalSem2\CMPG 323\Project1New\ACNewRepo\com\zaxxer\HikariCP\3.2.0\HikariCP-3.2.0.jar;C:\Users\brend\Downloads\UniversityFinalSem2\CMPG 323\Project1New\ACNewRepo\org\springframework\spring-jdbc\5.1.8.RELEASE\spring-jdbc-5.1.8.RELEASE.jar;C:\Users\brend\Downloads\UniversityFinalSem2\CMPG 323\Project1New\ACNewRepo\javax\transaction\javax.transaction-api\1.3\javax.transaction-api-1.3.jar;C:\Users\brend\Downloads\UniversityFinalSem2\CMPG 323\Project1New\ACNewRepo\javax\xml\bind\jaxb-api\2.3.1\jaxb-api-2.3.1.jar;C:\Users\brend\Downloads\UniversityFinalSem2\CMPG 323\Project1New\ACNewRepo\javax\activation\javax.activation-api\1.2.0\javax.activation-api-1.2.0.jar;C:\Users\brend\Downloads\UniversityFinalSem2\CMPG 323\Project1New\ACNewRepo\org\hibernate\hibernate-core\5.3.10.Final\hibernate-core-5.3.10.Final.jar;C:\Users\brend\Downloads\UniversityFinalSem2\CMPG 323\Project1New\ACNewRepo\org\jboss\logging\jboss-logging\3.3.2.Final\jboss-logging-3.3.2.Final.jar;C:\Users\brend\Downloads\UniversityFinalSem2\CMPG 323\Project1New\ACNewRepo\javax\persistence\javax.persistence-api\2.2\javax.persistence-api-2.2.jar;C:\Users\brend\Downloads\UniversityFinalSem2\CMPG 323\Project1New\ACNewRepo\org\javassist\javassist\3.23.2-GA\javassist-3.23.2-GA.jar;C:\Users\brend\Downloads\UniversityFinalSem2\CMPG 323\Project1New\ACNewRepo\net\bytebuddy\byte-buddy\1.9.13\byte-buddy-1.9.13.jar;C:\Users\brend\Downloads\UniversityFinalSem2\CMPG 323\Project1New\ACNewRepo\antlr\antlr\2.7.7\antlr-2.7.7.jar;C:\Users\brend\Downloads\UniversityFinalSem2\CMPG 323\Project1New\ACNewRepo\org\jboss\jandex\2.0.5.Final\jandex-2.0.5.Final.jar;C:\Users\brend\Downloads\UniversityFinalSem2\CMPG 323\Project1New\ACNewRepo\com\fasterxml\classmate\1.4.0\classmate-1.4.0.jar;C:\Users\brend\Downloads\UniversityFinalSem2\CMPG 323\Project1New\ACNewRepo\org\dom4j\dom4j\2.1.1\dom4j-2.1.1.jar;C:\Users\brend\Downloads\UniversityFinalSem2\CMPG 323\Project1New\ACNewRepo\org\hibernate\common\hibernate-commons-annotations\5.0.4.Final\hibernate-commons-annotations-5.0.4.Final.jar;C:\Users\brend\Downloads\UniversityFinalSem2\CMPG 323\Project1New\ACNewRepo\org\springframework\data\spring-data-jpa\2.1.9.RELEASE\spring-data-jpa-2.1.9.RELEASE.jar;C:\Users\brend\Downloads\UniversityFinalSem2\CMPG 323\Project1New\ACNewRepo\org\springframework\data\spring-data-commons\2.1.9.RELEASE\spring-data-commons-2.1.9.RELEASE.jar;C:\Users\brend\Downloads\UniversityFinalSem2\CMPG 323\Project1New\ACNewRepo\org\springframework\spring-orm\5.1.8.RELEASE\spring-orm-5.1.8.RELEASE.jar;C:\Users\brend\Downloads\UniversityFinalSem2\CMPG 323\Project1New\ACNewRepo\org\springframework\spring-tx\5.1.8.RELEASE\spring-tx-5.1.8.RELEASE.jar;C:\Users\brend\Downloads\UniversityFinalSem2\CMPG 323\Project1New\ACNewRepo\org\slf4j\slf4j-api\1.7.26\slf4j-api-1.7.26.jar;C:\Users\brend\Downloads\UniversityFinalSem2\CMPG 323\Project1New\ACNewRepo\org\springframework\spring-aspects\5.1.8.RELEASE\spring-aspects-5.1.8.RELEASE.jar;C:\Users\brend\Downloads\UniversityFinalSem2\CMPG 323\Project1New\ACNewRepo\mysql\mysql-connector-java\8.0.16\mysql-connector-java-8.0.16.jar;C:\Users\brend\Downloads\UniversityFinalSem2\CMPG 323\Project1New\ACNewRepo\org\springframework\boot\spring-boot-starter-validation\2.1.6.RELEASE\spring-boot-starter-validation-2.1.6.RELEASE.jar;C:\Users\brend\Downloads\UniversityFinalSem2\CMPG 323\Project1New\ACNewRepo\org\apache\tomcat\embed\tomcat-embed-el\9.0.21\tomcat-embed-el-9.0.21.jar;C:\Users\brend\Downloads\UniversityFinalSem2\CMPG 323\Project1New\ACNewRepo\org\hibernate\validator\hibernate-validator\6.0.17.Final\hibernate-validator-6.0.17.Final.jar;C:\Users\brend\Downloads\UniversityFinalSem2\CMPG 323\Project1New\ACNewRepo\javax\validation\validation-api\2.0.1.Final\validation-api-2.0.1.Final.jar;C:\Users\brend\Downloads\UniversityFinalSem2\CMPG 323\Project1New\ACNewRepo\junit\junit\4.12\junit-4.12.jar;C:\Users\brend\Downloads\UniversityFinalSem2\CMPG 323\Project1New\ACNewRepo\org\hamcrest\hamcrest-core\1.3\hamcrest-core-1.3.jar;C:\Users\brend\Downloads\UniversityFinalSem2\CMPG 323\Project1New\ACNewRepo\org\springframework\spring-context\5.1.8.RELEASE\spring-context-5.1.8.RELEASE.jar;C:\Users\brend\Downloads\UniversityFinalSem2\CMPG 323\Project1New\ACNewRepo\org\springframework\spring-aop\5.1.8.RELEASE\spring-aop-5.1.8.RELEASE.jar;C:\Users\brend\Downloads\UniversityFinalSem2\CMPG 323\Project1New\ACNewRepo\org\springframework\spring-beans\5.1.8.RELEASE\spring-beans-5.1.8.RELEASE.jar;C:\Users\brend\Downloads\UniversityFinalSem2\CMPG 323\Project1New\ACNewRepo\org\springframework\spring-core\5.1.8.RELEASE\spring-core-5.1.8.RELEASE.jar;C:\Users\brend\Downloads\UniversityFinalSem2\CMPG 323\Project1New\ACNewRepo\org\springframework\spring-jcl\5.1.8.RELEASE\spring-jcl-5.1.8.RELEASE.jar;C:\Users\brend\Downloads\UniversityFinalSem2\CMPG 323\Project1New\ACNewRepo\org\springframework\spring-expression\5.1.8.RELEASE\spring-expression-5.1.8.RELEASE.jar;"/>
    <property name="java.vm.vendor" value="Oracle Corporation"/>
    <property name="sun.arch.data.model" value="64"/>
    <property name="user.variant" value=""/>
    <property name="java.vendor.url" value="http://java.oracle.com/"/>
    <property name="user.timezone" value="Africa/Harare"/>
    <property name="java.vm.specification.version" value="1.8"/>
    <property name="os.name" value="Windows 10"/>
    <property name="user.country" value="ZA"/>
    <property name="sun.java.launcher" value="SUN_STANDARD"/>
    <property name="sun.boot.library.path" value="C:\Program Files\Java\jdk1.8.0_251\jre\bin"/>
    <property name="sun.java.command" value="C:\Users\brend\AppData\Local\Temp\surefire3662767276652887542\surefirebooter7525722114616831658.jar C:\Users\brend\AppData\Local\Temp\surefire3662767276652887542 2021-10-08T10-40-59_338-jvmRun1 surefire1730389623586824879tmp surefire_04950836556304444170tmp"/>
    <property name="surefire.test.class.path" value="C:\Users\brend\Downloads\UniversityFinalSem2\CMPG 323\Project1New\AccountSystemNewGitRepo\AccountSystemNew\AccountSystemNewLogic\target\test-classes;C:\Users\brend\Downloads\UniversityFinalSem2\CMPG 323\Project1New\AccountSystemNewGitRepo\AccountSystemNew\AccountSystemNewLogic\target\classes;C:\Users\brend\Downloads\UniversityFinalSem2\CMPG 323\Project1New\AccountSystemNewGitRepo\AccountSystemNew\AccountSystemNewDomain\target\AccountSystemNewDomain-1.0-SNAPSHOT.jar;C:\Users\brend\Downloads\UniversityFinalSem2\CMPG 323\Project1New\ACNewRepo\io\swagger\swagger-annotations\1.5.20\swagger-annotations-1.5.20.jar;C:\Users\brend\Downloads\UniversityFinalSem2\CMPG 323\Project1New\ACNewRepo\com\fasterxml\jackson\core\jackson-annotations\2.9.0\jackson-annotations-2.9.0.jar;C:\Users\brend\Downloads\UniversityFinalSem2\CMPG 323\Project1New\AccountSystemNewGitRepo\AccountSystemNew\AccountSystemNewTranslator\target\AccountSystemNewTranslator-1.0-SNAPSHOT.jar;C:\Users\brend\Downloads\UniversityFinalSem2\CMPG 323\Project1New\AccountSystemNewGitRepo\AccountSystemNew\AccountSystemNewRepository\target\AccountSystemNewRepository-1.0-SNAPSHOT.jar;C:\Users\brend\Downloads\UniversityFinalSem2\CMPG 323\Project1New\ACNewRepo\org\springframework\boot\spring-boot-starter\2.1.6.RELEASE\spring-boot-starter-2.1.6.RELEASE.jar;C:\Users\brend\Downloads\UniversityFinalSem2\CMPG 323\Project1New\ACNewRepo\org\springframework\boot\spring-boot\2.1.6.RELEASE\spring-boot-2.1.6.RELEASE.jar;C:\Users\brend\Downloads\UniversityFinalSem2\CMPG 323\Project1New\ACNewRepo\org\springframework\boot\spring-boot-autoconfigure\2.1.6.RELEASE\spring-boot-autoconfigure-2.1.6.RELEASE.jar;C:\Users\brend\Downloads\UniversityFinalSem2\CMPG 323\Project1New\ACNewRepo\org\springframework\boot\spring-boot-starter-logging\2.1.6.RELEASE\spring-boot-starter-logging-2.1.6.RELEASE.jar;C:\Users\brend\Downloads\UniversityFinalSem2\CMPG 323\Project1New\ACNewRepo\ch\qos\logback\logback-classic\1.2.3\logback-classic-1.2.3.jar;C:\Users\brend\Downloads\UniversityFinalSem2\CMPG 323\Project1New\ACNewRepo\ch\qos\logback\logback-core\1.2.3\logback-core-1.2.3.jar;C:\Users\brend\Downloads\UniversityFinalSem2\CMPG 323\Project1New\ACNewRepo\org\apache\logging\log4j\log4j-to-slf4j\2.11.2\log4j-to-slf4j-2.11.2.jar;C:\Users\brend\Downloads\UniversityFinalSem2\CMPG 323\Project1New\ACNewRepo\org\apache\logging\log4j\log4j-api\2.11.2\log4j-api-2.11.2.jar;C:\Users\brend\Downloads\UniversityFinalSem2\CMPG 323\Project1New\ACNewRepo\org\slf4j\jul-to-slf4j\1.7.26\jul-to-slf4j-1.7.26.jar;C:\Users\brend\Downloads\UniversityFinalSem2\CMPG 323\Project1New\ACNewRepo\javax\annotation\javax.annotation-api\1.3.2\javax.annotation-api-1.3.2.jar;C:\Users\brend\Downloads\UniversityFinalSem2\CMPG 323\Project1New\ACNewRepo\org\yaml\snakeyaml\1.23\snakeyaml-1.23.jar;C:\Users\brend\Downloads\UniversityFinalSem2\CMPG 323\Project1New\ACNewRepo\org\springframework\boot\spring-boot-starter-data-jpa\2.1.6.RELEASE\spring-boot-starter-data-jpa-2.1.6.RELEASE.jar;C:\Users\brend\Downloads\UniversityFinalSem2\CMPG 323\Project1New\ACNewRepo\org\springframework\boot\spring-boot-starter-aop\2.1.6.RELEASE\spring-boot-starter-aop-2.1.6.RELEASE.jar;C:\Users\brend\Downloads\UniversityFinalSem2\CMPG 323\Project1New\ACNewRepo\org\aspectj\aspectjweaver\1.9.4\aspectjweaver-1.9.4.jar;C:\Users\brend\Downloads\UniversityFinalSem2\CMPG 323\Project1New\ACNewRepo\org\springframework\boot\spring-boot-starter-jdbc\2.1.6.RELEASE\spring-boot-starter-jdbc-2.1.6.RELEASE.jar;C:\Users\brend\Downloads\UniversityFinalSem2\CMPG 323\Project1New\ACNewRepo\com\zaxxer\HikariCP\3.2.0\HikariCP-3.2.0.jar;C:\Users\brend\Downloads\UniversityFinalSem2\CMPG 323\Project1New\ACNewRepo\org\springframework\spring-jdbc\5.1.8.RELEASE\spring-jdbc-5.1.8.RELEASE.jar;C:\Users\brend\Downloads\UniversityFinalSem2\CMPG 323\Project1New\ACNewRepo\javax\transaction\javax.transaction-api\1.3\javax.transaction-api-1.3.jar;C:\Users\brend\Downloads\UniversityFinalSem2\CMPG 323\Project1New\ACNewRepo\javax\xml\bind\jaxb-api\2.3.1\jaxb-api-2.3.1.jar;C:\Users\brend\Downloads\UniversityFinalSem2\CMPG 323\Project1New\ACNewRepo\javax\activation\javax.activation-api\1.2.0\javax.activation-api-1.2.0.jar;C:\Users\brend\Downloads\UniversityFinalSem2\CMPG 323\Project1New\ACNewRepo\org\hibernate\hibernate-core\5.3.10.Final\hibernate-core-5.3.10.Final.jar;C:\Users\brend\Downloads\UniversityFinalSem2\CMPG 323\Project1New\ACNewRepo\org\jboss\logging\jboss-logging\3.3.2.Final\jboss-logging-3.3.2.Final.jar;C:\Users\brend\Downloads\UniversityFinalSem2\CMPG 323\Project1New\ACNewRepo\javax\persistence\javax.persistence-api\2.2\javax.persistence-api-2.2.jar;C:\Users\brend\Downloads\UniversityFinalSem2\CMPG 323\Project1New\ACNewRepo\org\javassist\javassist\3.23.2-GA\javassist-3.23.2-GA.jar;C:\Users\brend\Downloads\UniversityFinalSem2\CMPG 323\Project1New\ACNewRepo\net\bytebuddy\byte-buddy\1.9.13\byte-buddy-1.9.13.jar;C:\Users\brend\Downloads\UniversityFinalSem2\CMPG 323\Project1New\ACNewRepo\antlr\antlr\2.7.7\antlr-2.7.7.jar;C:\Users\brend\Downloads\UniversityFinalSem2\CMPG 323\Project1New\ACNewRepo\org\jboss\jandex\2.0.5.Final\jandex-2.0.5.Final.jar;C:\Users\brend\Downloads\UniversityFinalSem2\CMPG 323\Project1New\ACNewRepo\com\fasterxml\classmate\1.4.0\classmate-1.4.0.jar;C:\Users\brend\Downloads\UniversityFinalSem2\CMPG 323\Project1New\ACNewRepo\org\dom4j\dom4j\2.1.1\dom4j-2.1.1.jar;C:\Users\brend\Downloads\UniversityFinalSem2\CMPG 323\Project1New\ACNewRepo\org\hibernate\common\hibernate-commons-annotations\5.0.4.Final\hibernate-commons-annotations-5.0.4.Final.jar;C:\Users\brend\Downloads\UniversityFinalSem2\CMPG 323\Project1New\ACNewRepo\org\springframework\data\spring-data-jpa\2.1.9.RELEASE\spring-data-jpa-2.1.9.RELEASE.jar;C:\Users\brend\Downloads\UniversityFinalSem2\CMPG 323\Project1New\ACNewRepo\org\springframework\data\spring-data-commons\2.1.9.RELEASE\spring-data-commons-2.1.9.RELEASE.jar;C:\Users\brend\Downloads\UniversityFinalSem2\CMPG 323\Project1New\ACNewRepo\org\springframework\spring-orm\5.1.8.RELEASE\spring-orm-5.1.8.RELEASE.jar;C:\Users\brend\Downloads\UniversityFinalSem2\CMPG 323\Project1New\ACNewRepo\org\springframework\spring-tx\5.1.8.RELEASE\spring-tx-5.1.8.RELEASE.jar;C:\Users\brend\Downloads\UniversityFinalSem2\CMPG 323\Project1New\ACNewRepo\org\slf4j\slf4j-api\1.7.26\slf4j-api-1.7.26.jar;C:\Users\brend\Downloads\UniversityFinalSem2\CMPG 323\Project1New\ACNewRepo\org\springframework\spring-aspects\5.1.8.RELEASE\spring-aspects-5.1.8.RELEASE.jar;C:\Users\brend\Downloads\UniversityFinalSem2\CMPG 323\Project1New\ACNewRepo\mysql\mysql-connector-java\8.0.16\mysql-connector-java-8.0.16.jar;C:\Users\brend\Downloads\UniversityFinalSem2\CMPG 323\Project1New\ACNewRepo\org\springframework\boot\spring-boot-starter-validation\2.1.6.RELEASE\spring-boot-starter-validation-2.1.6.RELEASE.jar;C:\Users\brend\Downloads\UniversityFinalSem2\CMPG 323\Project1New\ACNewRepo\org\apache\tomcat\embed\tomcat-embed-el\9.0.21\tomcat-embed-el-9.0.21.jar;C:\Users\brend\Downloads\UniversityFinalSem2\CMPG 323\Project1New\ACNewRepo\org\hibernate\validator\hibernate-validator\6.0.17.Final\hibernate-validator-6.0.17.Final.jar;C:\Users\brend\Downloads\UniversityFinalSem2\CMPG 323\Project1New\ACNewRepo\javax\validation\validation-api\2.0.1.Final\validation-api-2.0.1.Final.jar;C:\Users\brend\Downloads\UniversityFinalSem2\CMPG 323\Project1New\ACNewRepo\junit\junit\4.12\junit-4.12.jar;C:\Users\brend\Downloads\UniversityFinalSem2\CMPG 323\Project1New\ACNewRepo\org\hamcrest\hamcrest-core\1.3\hamcrest-core-1.3.jar;C:\Users\brend\Downloads\UniversityFinalSem2\CMPG 323\Project1New\ACNewRepo\org\springframework\spring-context\5.1.8.RELEASE\spring-context-5.1.8.RELEASE.jar;C:\Users\brend\Downloads\UniversityFinalSem2\CMPG 323\Project1New\ACNewRepo\org\springframework\spring-aop\5.1.8.RELEASE\spring-aop-5.1.8.RELEASE.jar;C:\Users\brend\Downloads\UniversityFinalSem2\CMPG 323\Project1New\ACNewRepo\org\springframework\spring-beans\5.1.8.RELEASE\spring-beans-5.1.8.RELEASE.jar;C:\Users\brend\Downloads\UniversityFinalSem2\CMPG 323\Project1New\ACNewRepo\org\springframework\spring-core\5.1.8.RELEASE\spring-core-5.1.8.RELEASE.jar;C:\Users\brend\Downloads\UniversityFinalSem2\CMPG 323\Project1New\ACNewRepo\org\springframework\spring-jcl\5.1.8.RELEASE\spring-jcl-5.1.8.RELEASE.jar;C:\Users\brend\Downloads\UniversityFinalSem2\CMPG 323\Project1New\ACNewRepo\org\springframework\spring-expression\5.1.8.RELEASE\spring-expression-5.1.8.RELEASE.jar;"/>
    <property name="sun.cpu.endian" value="little"/>
    <property name="user.home" value="C:\Users\brend"/>
    <property name="user.language" value="en"/>
    <property name="java.specification.vendor" value="Oracle Corporation"/>
    <property name="java.home" value="C:\Program Files\Java\jdk1.8.0_251\jre"/>
    <property name="basedir" value="C:\Users\brend\Downloads\UniversityFinalSem2\CMPG 323\Project1New\AccountSystemNewGitRepo\AccountSystemNew\AccountSystemNewLogic"/>
    <property name="file.separator" value="\"/>
    <property name="line.separator" value="&#10;"/>
    <property name="java.vm.specification.vendor" value="Oracle Corporation"/>
    <property name="java.specification.name" value="Java Platform API Specification"/>
    <property name="java.awt.graphicsenv" value="sun.awt.Win32GraphicsEnvironment"/>
    <property name="surefire.real.class.path" value="C:\Users\brend\AppData\Local\Temp\surefire3662767276652887542\surefirebooter7525722114616831658.jar"/>
    <property name="sun.boot.class.path" value="C:\Program Files\Java\jdk1.8.0_251\jre\lib\resources.jar;C:\Program Files\Java\jdk1.8.0_251\jre\lib\rt.jar;C:\Program Files\Java\jdk1.8.0_251\jre\lib\sunrsasign.jar;C:\Program Files\Java\jdk1.8.0_251\jre\lib\jsse.jar;C:\Program Files\Java\jdk1.8.0_251\jre\lib\jce.jar;C:\Program Files\Java\jdk1.8.0_251\jre\lib\charsets.jar;C:\Program Files\Java\jdk1.8.0_251\jre\lib\jfr.jar;C:\Program Files\Java\jdk1.8.0_251\jre\classes"/>
    <property name="user.script" value=""/>
    <property name="sun.management.compiler" value="HotSpot 64-Bit Tiered Compilers"/>
    <property name="java.runtime.version" value="1.8.0_251-b08"/>
    <property name="user.name" value="brend"/>
    <property name="path.separator" value=";"/>
    <property name="os.version" value="10.0"/>
    <property name="java.endorsed.dirs" value="C:\Program Files\Java\jdk1.8.0_251\jre\lib\endorsed"/>
    <property name="java.runtime.name" value="Java(TM) SE Runtime Environment"/>
    <property name="file.encoding" value="Cp1252"/>
    <property name="java.vm.name" value="Java HotSpot(TM) 64-Bit Server VM"/>
    <property name="localRepository" value="C:\Users\brend\Downloads\UniversityFinalSem2\CMPG 323\Project1New\ACNewRepo"/>
    <property name="java.vendor.url.bug" value="http://bugreport.sun.com/bugreport/"/>
    <property name="java.io.tmpdir" value="C:\Users\brend\AppData\Local\Temp\"/>
    <property name="idea.version" value="2021.2.1"/>
    <property name="java.version" value="1.8.0_251"/>
    <property name="user.dir" value="C:\Users\brend\Downloads\UniversityFinalSem2\CMPG 323\Project1New\AccountSystemNewGitRepo\AccountSystemNew\AccountSystemNewLogic"/>
    <property name="os.arch" value="amd64"/>
    <property name="java.vm.specification.name" value="Java Virtual Machine Specification"/>
    <property name="java.awt.printerjob" value="sun.awt.windows.WPrinterJob"/>
    <property name="sun.os.patch.level" value=""/>
    <property name="java.library.path" value="C:\Program Files\Java\jdk1.8.0_251\jre\bin;C:\WINDOWS\Sun\Java\bin;C:\WINDOWS\system32;C:\WINDOWS;C:\Program Files (x86)\Common Files\Oracle\Java\javapath;C:\oraclexe\app\oracle\product\11.2.0\server\bin;C:\WINDOWS\system32;C:\WINDOWS;C:\WINDOWS\System32\Wbem;C:\WINDOWS\System32\WindowsPowerShell\v1.0\;C:\WINDOWS\System32\OpenSSH\;C:\Program Files\Java\jdk1.8.0_251\bin;C:\Program Files\NVIDIA Corporation\NVIDIA NvDLISR;C:\Program Files (x86)\NVIDIA Corporation\PhysX\Common;C:\WINDOWS\system32;C:\WINDOWS;C:\WINDOWS\System32\Wbem;C:\WINDOWS\System32\WindowsPowerShell\v1.0\;C:\WINDOWS\System32\OpenSSH\;C:\Program Files\dotnet\;C:\Program Files\Microsoft SQL Server\130\Tools\Binn\;C:\Program Files\Microsoft SQL Server\Client SDK\ODBC\170\Tools\Binn\;C:\Program Files\Git\cmd;C:\Program Files\MySQL\MySQL Shell 8.0\bin\;&quot;;C:\Users\brend\AppData\Local\GitHubDesktop\bin;&quot;;C:\Program Files\Java\jdk1.8.0_251\bin;C:\Users\brend\Downloads\UniversityFinalSem2\CMPG 323\apache-maven-3.3.9\bin;;C:\Users\brend\Downloads\UniversityFinalSem2\CMPG 323\IntelliJ IDEA Community Edition 2021.2.1\bin;;C:\Users\brend\.dotnet\tools;."/>
    <property name="java.vm.info" value="mixed mode"/>
    <property name="java.vendor" value="Oracle Corporation"/>
    <property name="java.vm.version" value="25.251-b08"/>
    <property name="java.ext.dirs" value="C:\Program Files\Java\jdk1.8.0_251\jre\lib\ext;C:\WINDOWS\Sun\Java\lib\ext"/>
    <property name="sun.io.unicode.encoding" value="UnicodeLittle"/>
    <property name="java.class.version" value="52.0"/>
  </properties>
  <testcase name="methodToTest" classname="za.ac.nwu.acnew.logic.flow.impl.FetchAccountTypeFlowImplTest" time="0.003"/>
</testsuite>